<?xml version="1.0" encoding="UTF-8"?>
<!-- Generated by org.testng.reporters.JUnitReportReporter -->
<testsuite hostname="DESKTOP-PEJFJUC" failures="0" tests="1" name="mouseKeybordActionsPackage.DragNDropTest" time="5.994" errors="0" timestamp="14 Jul 2021 23:38:16 GMT" skipped="0">
  <testcase classname="mouseKeybordActionsPackage.DragNDropTest" name="dragNDrop2" time="5.994"/>
</testsuite> <!-- mouseKeybordActionsPackage.DragNDropTest -->
