<?xml version="1.0" encoding="UTF-8"?>
<!-- Generated by org.testng.reporters.JUnitReportReporter -->
<testsuite hostname="DESKTOP-PEJFJUC" failures="0" tests="1" name="mouseKeybordActionsPackage.ClickContextTest" time="1.324" errors="0" timestamp="14 Jul 2021 22:57:21 GMT" skipped="0">
  <testcase classname="mouseKeybordActionsPackage.ClickContextTest" name="clickContext" time="1.324"/>
</testsuite> <!-- mouseKeybordActionsPackage.ClickContextTest -->
