<?xml version="1.0" encoding="UTF-8"?>
<!-- Generated by org.testng.reporters.JUnitReportReporter -->
<testsuite hostname="DESKTOP-PEJFJUC" failures="0" tests="1" name="mouseKeybordActionsPackage.SendKeysTest" time="2.759" errors="0" timestamp="15 Jul 2021 00:04:41 GMT" skipped="0">
  <testcase classname="mouseKeybordActionsPackage.SendKeysTest" name="sendKeys" time="2.759"/>
</testsuite> <!-- mouseKeybordActionsPackage.SendKeysTest -->
