<?xml version="1.0" encoding="UTF-8"?>
<!-- Generated by org.testng.reporters.JUnitReportReporter -->
<testsuite hostname="DESKTOP-PEJFJUC" failures="0" tests="1" name="revisionSeleniumPackage.ClickContextTest" time="1.124" errors="0" timestamp="14 Jul 2021 22:48:19 GMT" skipped="0">
  <testcase classname="revisionSeleniumPackage.ClickContextTest" name="clickContext" time="1.124"/>
</testsuite> <!-- revisionSeleniumPackage.ClickContextTest -->
