<?xml version="1.0" encoding="UTF-8"?>
<!-- Generated by org.testng.reporters.JUnitReportReporter -->
<testsuite hostname="DESKTOP-PEJFJUC" failures="0" tests="1" name="mouseKeybordActionsPackage.LeftClickTest" time="4.384" errors="0" timestamp="15 Jul 2021 00:31:13 GMT" skipped="0">
  <testcase classname="mouseKeybordActionsPackage.LeftClickTest" name="leftClick" time="4.384"/>
</testsuite> <!-- mouseKeybordActionsPackage.LeftClickTest -->
