<?xml version="1.0" encoding="UTF-8"?>
<!-- Generated by org.testng.reporters.JUnitReportReporter -->
<testsuite hostname="DESKTOP-PEJFJUC" failures="0" tests="1" name="mouseKeybordActionsPackage.DoubleClickTest" time="5.070" errors="0" timestamp="14 Jul 2021 23:06:38 GMT" skipped="0">
  <testcase classname="mouseKeybordActionsPackage.DoubleClickTest" name="clickContext" time="5.070"/>
</testsuite> <!-- mouseKeybordActionsPackage.DoubleClickTest -->
