<?xml version="1.0" encoding="UTF-8"?>
<!-- Generated by org.testng.reporters.JUnitReportReporter -->
<testsuite hostname="DESKTOP-PEJFJUC" failures="0" tests="1" name="mouseKeybordActionsPackage.MoveToTest" time="6.506" errors="0" timestamp="14 Jul 2021 23:44:46 GMT" skipped="0">
  <testcase classname="mouseKeybordActionsPackage.MoveToTest" name="moveTo" time="6.506"/>
</testsuite> <!-- mouseKeybordActionsPackage.MoveToTest -->
