<?xml version="1.0" encoding="UTF-8"?>
<!-- Generated by org.testng.reporters.JUnitReportReporter -->
<testsuite hostname="DESKTOP-PEJFJUC" failures="0" tests="2" name="mouseKeybordActionsPackage.DragNDropTest" time="7.840" errors="0" timestamp="15 Jul 2021 01:07:27 GMT" skipped="0">
  <testcase classname="mouseKeybordActionsPackage.DragNDropTest" name="dragNDrop" time="1.960"/>
  <testcase classname="mouseKeybordActionsPackage.DragNDropTest" name="dragNDrop2" time="5.880"/>
</testsuite> <!-- mouseKeybordActionsPackage.DragNDropTest -->
