<?xml version="1.0" encoding="UTF-8"?>
<!-- Generated by org.testng.reporters.JUnitReportReporter -->
<testsuite hostname="DESKTOP-PEJFJUC" failures="0" tests="1" name="mouseKeybordActionsPackage.DoubleClickTest" time="5.182" errors="0" timestamp="15 Jul 2021 01:07:27 GMT" skipped="0">
  <testcase classname="mouseKeybordActionsPackage.DoubleClickTest" name="doubleClick" time="5.182"/>
</testsuite> <!-- mouseKeybordActionsPackage.DoubleClickTest -->
